<?xml version="1.0" encoding="UTF-8"?>
<testng-results ignored="0" total="1" passed="1" failed="0" skipped="0">
  <reporter-output>
  </reporter-output>
  <suite started-at="2022-10-02T15:40:10 BDT" name="Suite" finished-at="2022-10-02T15:40:32 BDT" duration-ms="21652">
    <groups>
    </groups>
    <test started-at="2022-10-02T15:40:10 BDT" name="Test" finished-at="2022-10-02T15:40:32 BDT" duration-ms="21652">
      <class name="webLogin.Login">
        <test-method is-config="true" signature="setUp()[pri:0, instance:webLogin.Login@71d44a3]" started-at="2022-10-02T15:40:10 BDT" name="setUp" finished-at="2022-10-02T15:40:26 BDT" duration-ms="15123" status="PASS">
          <reporter-output>
          </reporter-output>
        </test-method> <!-- setUp -->
        <test-method signature="loginTest()[pri:0, instance:webLogin.Login@71d44a3]" started-at="2022-10-02T15:40:26 BDT" name="loginTest" finished-at="2022-10-02T15:40:31 BDT" duration-ms="5249" status="PASS">
          <reporter-output>
          </reporter-output>
        </test-method> <!-- loginTest -->
        <test-method is-config="true" signature="tearDown()[pri:0, instance:webLogin.Login@71d44a3]" started-at="2022-10-02T15:40:31 BDT" name="tearDown" finished-at="2022-10-02T15:40:32 BDT" duration-ms="906" status="PASS">
          <reporter-output>
          </reporter-output>
        </test-method> <!-- tearDown -->
      </class> <!-- webLogin.Login -->
    </test> <!-- Test -->
  </suite> <!-- Suite -->
</testng-results>
